<?xml version="1.0" encoding="UTF-8"?>
<!-- Generated by org.testng.reporters.JUnitReportReporter -->
<testsuite skipped="0" hostname="DiviKums_pc" name="org.testleaf.zoomcar.testcases.ZoomCarTC" tests="1" failures="0" timestamp="08 Sep 2019 06:39:02 GMT" time="24.178" errors="0">
  <testcase name="runZoomcar" time="24.178" classname="org.testleaf.zoomcar.testcases.ZoomCarTC"/>
</testsuite> <!-- org.testleaf.zoomcar.testcases.ZoomCarTC -->
